2025-02-21 22:32:01,822 [Worker-4: Loading available Gradle versions] INFO  o.e.b.c.i.u.g.PublishedGradleVersions - Gradle version information cache is not available. Remote download required.
2025-02-21 22:33:21,810 [Worker-0: Loading available Gradle versions] INFO  o.e.b.c.i.u.g.PublishedGradleVersions - Gradle version information cache is not available. Remote download required.
2025-02-21 22:39:57,473 [Worker-2: Loading available Gradle versions] INFO  o.e.b.c.i.u.g.PublishedGradleVersions - Gradle version information cache is up-to-date. Trying to read.
2025-02-21 22:44:21,975 [Worker-2: Launching mavenrun-974421ee-bc79-4837-8fb6-42723b1bc311] INFO  o.eclipse.m2e.core.internal.Bundles - getClasspathEntries(Bundle=org.eclipse.m2e.maven.runtime_3.9.900.20240824-1409 [640])
2025-02-21 22:44:21,980 [Worker-2: Launching mavenrun-974421ee-bc79-4837-8fb6-42723b1bc311] INFO  o.eclipse.m2e.core.internal.Bundles - 	Entry: C:\Users\YOUTECH PC\.p2\pool\plugins\org.eclipse.m2e.maven.runtime_3.9.900.20240824-1409
2025-02-21 22:44:21,980 [Worker-2: Launching mavenrun-974421ee-bc79-4837-8fb6-42723b1bc311] INFO  o.eclipse.m2e.core.internal.Bundles - 	Entry: C:\Users\YOUTECH PC\.p2\pool\plugins\org.eclipse.m2e.maven.runtime_3.9.900.20240824-1409\jars\aopalliance-1.0.jar
2025-02-21 22:44:21,981 [Worker-2: Launching mavenrun-974421ee-bc79-4837-8fb6-42723b1bc311] INFO  o.eclipse.m2e.core.internal.Bundles - 	Entry: C:\Users\YOUTECH PC\.p2\pool\plugins\org.eclipse.m2e.maven.runtime_3.9.900.20240824-1409\jars\guice-5.1.0.jar
2025-02-21 22:44:21,981 [Worker-2: Launching mavenrun-974421ee-bc79-4837-8fb6-42723b1bc311] INFO  o.eclipse.m2e.core.internal.Bundles - 	Entry: C:\Users\YOUTECH PC\.p2\pool\plugins\org.eclipse.m2e.maven.runtime_3.9.900.20240824-1409\jars\httpclient-4.5.14.jar
2025-02-21 22:44:21,981 [Worker-2: Launching mavenrun-974421ee-bc79-4837-8fb6-42723b1bc311] INFO  o.eclipse.m2e.core.internal.Bundles - 	Entry: C:\Users\YOUTECH PC\.p2\pool\plugins\org.eclipse.m2e.maven.runtime_3.9.900.20240824-1409\jars\httpcore-4.4.16.jar
2025-02-21 22:44:21,982 [Worker-2: Launching mavenrun-974421ee-bc79-4837-8fb6-42723b1bc311] INFO  o.eclipse.m2e.core.internal.Bundles - 	Entry: C:\Users\YOUTECH PC\.p2\pool\plugins\org.eclipse.m2e.maven.runtime_3.9.900.20240824-1409\jars\jansi-2.4.1.jar
2025-02-21 22:44:21,982 [Worker-2: Launching mavenrun-974421ee-bc79-4837-8fb6-42723b1bc311] INFO  o.eclipse.m2e.core.internal.Bundles - 	Entry: C:\Users\YOUTECH PC\.p2\pool\plugins\org.eclipse.m2e.maven.runtime_3.9.900.20240824-1409\jars\jcl-over-slf4j-1.7.36.jar
2025-02-21 22:44:21,982 [Worker-2: Launching mavenrun-974421ee-bc79-4837-8fb6-42723b1bc311] INFO  o.eclipse.m2e.core.internal.Bundles - 	Entry: C:\Users\YOUTECH PC\.p2\pool\plugins\org.eclipse.m2e.maven.runtime_3.9.900.20240824-1409\jars\maven-artifact-3.9.9.jar
2025-02-21 22:44:21,983 [Worker-2: Launching mavenrun-974421ee-bc79-4837-8fb6-42723b1bc311] INFO  o.eclipse.m2e.core.internal.Bundles - 	Entry: C:\Users\YOUTECH PC\.p2\pool\plugins\org.eclipse.m2e.maven.runtime_3.9.900.20240824-1409\jars\maven-builder-support-3.9.9.jar
2025-02-21 22:44:21,983 [Worker-2: Launching mavenrun-974421ee-bc79-4837-8fb6-42723b1bc311] INFO  o.eclipse.m2e.core.internal.Bundles - 	Entry: C:\Users\YOUTECH PC\.p2\pool\plugins\org.eclipse.m2e.maven.runtime_3.9.900.20240824-1409\jars\maven-compat-3.9.9.jar
2025-02-21 22:44:21,984 [Worker-2: Launching mavenrun-974421ee-bc79-4837-8fb6-42723b1bc311] INFO  o.eclipse.m2e.core.internal.Bundles - 	Entry: C:\Users\YOUTECH PC\.p2\pool\plugins\org.eclipse.m2e.maven.runtime_3.9.900.20240824-1409\jars\maven-core-3.9.9.jar
2025-02-21 22:44:21,984 [Worker-2: Launching mavenrun-974421ee-bc79-4837-8fb6-42723b1bc311] INFO  o.eclipse.m2e.core.internal.Bundles - 	Entry: C:\Users\YOUTECH PC\.p2\pool\plugins\org.eclipse.m2e.maven.runtime_3.9.900.20240824-1409\jars\maven-embedder-3.9.9.jar
2025-02-21 22:44:21,984 [Worker-2: Launching mavenrun-974421ee-bc79-4837-8fb6-42723b1bc311] INFO  o.eclipse.m2e.core.internal.Bundles - 	Entry: C:\Users\YOUTECH PC\.p2\pool\plugins\org.eclipse.m2e.maven.runtime_3.9.900.20240824-1409\jars\maven-model-3.9.9.jar
2025-02-21 22:44:21,985 [Worker-2: Launching mavenrun-974421ee-bc79-4837-8fb6-42723b1bc311] INFO  o.eclipse.m2e.core.internal.Bundles - 	Entry: C:\Users\YOUTECH PC\.p2\pool\plugins\org.eclipse.m2e.maven.runtime_3.9.900.20240824-1409\jars\maven-model-builder-3.9.9.jar
2025-02-21 22:44:21,985 [Worker-2: Launching mavenrun-974421ee-bc79-4837-8fb6-42723b1bc311] INFO  o.eclipse.m2e.core.internal.Bundles - 	Entry: C:\Users\YOUTECH PC\.p2\pool\plugins\org.eclipse.m2e.maven.runtime_3.9.900.20240824-1409\jars\maven-plugin-api-3.9.9.jar
2025-02-21 22:44:21,986 [Worker-2: Launching mavenrun-974421ee-bc79-4837-8fb6-42723b1bc311] INFO  o.eclipse.m2e.core.internal.Bundles - 	Entry: C:\Users\YOUTECH PC\.p2\pool\plugins\org.eclipse.m2e.maven.runtime_3.9.900.20240824-1409\jars\maven-repository-metadata-3.9.9.jar
2025-02-21 22:44:21,986 [Worker-2: Launching mavenrun-974421ee-bc79-4837-8fb6-42723b1bc311] INFO  o.eclipse.m2e.core.internal.Bundles - 	Entry: C:\Users\YOUTECH PC\.p2\pool\plugins\org.eclipse.m2e.maven.runtime_3.9.900.20240824-1409\jars\maven-resolver-api-1.9.22.jar
2025-02-21 22:44:21,986 [Worker-2: Launching mavenrun-974421ee-bc79-4837-8fb6-42723b1bc311] INFO  o.eclipse.m2e.core.internal.Bundles - 	Entry: C:\Users\YOUTECH PC\.p2\pool\plugins\org.eclipse.m2e.maven.runtime_3.9.900.20240824-1409\jars\maven-resolver-connector-basic-1.9.22.jar
2025-02-21 22:44:21,987 [Worker-2: Launching mavenrun-974421ee-bc79-4837-8fb6-42723b1bc311] INFO  o.eclipse.m2e.core.internal.Bundles - 	Entry: C:\Users\YOUTECH PC\.p2\pool\plugins\org.eclipse.m2e.maven.runtime_3.9.900.20240824-1409\jars\maven-resolver-impl-1.9.22.jar
2025-02-21 22:44:21,987 [Worker-2: Launching mavenrun-974421ee-bc79-4837-8fb6-42723b1bc311] INFO  o.eclipse.m2e.core.internal.Bundles - 	Entry: C:\Users\YOUTECH PC\.p2\pool\plugins\org.eclipse.m2e.maven.runtime_3.9.900.20240824-1409\jars\maven-resolver-named-locks-1.9.22.jar
2025-02-21 22:44:21,988 [Worker-2: Launching mavenrun-974421ee-bc79-4837-8fb6-42723b1bc311] INFO  o.eclipse.m2e.core.internal.Bundles - 	Entry: C:\Users\YOUTECH PC\.p2\pool\plugins\org.eclipse.m2e.maven.runtime_3.9.900.20240824-1409\jars\maven-resolver-provider-3.9.9.jar
2025-02-21 22:44:21,988 [Worker-2: Launching mavenrun-974421ee-bc79-4837-8fb6-42723b1bc311] INFO  o.eclipse.m2e.core.internal.Bundles - 	Entry: C:\Users\YOUTECH PC\.p2\pool\plugins\org.eclipse.m2e.maven.runtime_3.9.900.20240824-1409\jars\maven-resolver-spi-1.9.22.jar
2025-02-21 22:44:21,988 [Worker-2: Launching mavenrun-974421ee-bc79-4837-8fb6-42723b1bc311] INFO  o.eclipse.m2e.core.internal.Bundles - 	Entry: C:\Users\YOUTECH PC\.p2\pool\plugins\org.eclipse.m2e.maven.runtime_3.9.900.20240824-1409\jars\maven-resolver-transport-file-1.9.22.jar
2025-02-21 22:44:21,988 [Worker-2: Launching mavenrun-974421ee-bc79-4837-8fb6-42723b1bc311] INFO  o.eclipse.m2e.core.internal.Bundles - 	Entry: C:\Users\YOUTECH PC\.p2\pool\plugins\org.eclipse.m2e.maven.runtime_3.9.900.20240824-1409\jars\maven-resolver-transport-http-1.9.22.jar
2025-02-21 22:44:21,989 [Worker-2: Launching mavenrun-974421ee-bc79-4837-8fb6-42723b1bc311] INFO  o.eclipse.m2e.core.internal.Bundles - 	Entry: C:\Users\YOUTECH PC\.p2\pool\plugins\org.eclipse.m2e.maven.runtime_3.9.900.20240824-1409\jars\maven-resolver-transport-wagon-1.9.22.jar
2025-02-21 22:44:21,989 [Worker-2: Launching mavenrun-974421ee-bc79-4837-8fb6-42723b1bc311] INFO  o.eclipse.m2e.core.internal.Bundles - 	Entry: C:\Users\YOUTECH PC\.p2\pool\plugins\org.eclipse.m2e.maven.runtime_3.9.900.20240824-1409\jars\maven-resolver-util-1.9.22.jar
2025-02-21 22:44:21,990 [Worker-2: Launching mavenrun-974421ee-bc79-4837-8fb6-42723b1bc311] INFO  o.eclipse.m2e.core.internal.Bundles - 	Entry: C:\Users\YOUTECH PC\.p2\pool\plugins\org.eclipse.m2e.maven.runtime_3.9.900.20240824-1409\jars\maven-settings-3.9.9.jar
2025-02-21 22:44:21,990 [Worker-2: Launching mavenrun-974421ee-bc79-4837-8fb6-42723b1bc311] INFO  o.eclipse.m2e.core.internal.Bundles - 	Entry: C:\Users\YOUTECH PC\.p2\pool\plugins\org.eclipse.m2e.maven.runtime_3.9.900.20240824-1409\jars\maven-settings-builder-3.9.9.jar
2025-02-21 22:44:21,990 [Worker-2: Launching mavenrun-974421ee-bc79-4837-8fb6-42723b1bc311] INFO  o.eclipse.m2e.core.internal.Bundles - 	Entry: C:\Users\YOUTECH PC\.p2\pool\plugins\org.eclipse.m2e.maven.runtime_3.9.900.20240824-1409\jars\maven-shared-utils-3.4.2.jar
2025-02-21 22:44:21,991 [Worker-2: Launching mavenrun-974421ee-bc79-4837-8fb6-42723b1bc311] INFO  o.eclipse.m2e.core.internal.Bundles - 	Entry: C:\Users\YOUTECH PC\.p2\pool\plugins\org.eclipse.m2e.maven.runtime_3.9.900.20240824-1409\jars\org.eclipse.sisu.inject-0.9.0.M3.jar
2025-02-21 22:44:21,991 [Worker-2: Launching mavenrun-974421ee-bc79-4837-8fb6-42723b1bc311] INFO  o.eclipse.m2e.core.internal.Bundles - 	Entry: C:\Users\YOUTECH PC\.p2\pool\plugins\org.eclipse.m2e.maven.runtime_3.9.900.20240824-1409\jars\org.eclipse.sisu.plexus-0.9.0.M3.jar
2025-02-21 22:44:21,992 [Worker-2: Launching mavenrun-974421ee-bc79-4837-8fb6-42723b1bc311] INFO  o.eclipse.m2e.core.internal.Bundles - 	Entry: C:\Users\YOUTECH PC\.p2\pool\plugins\org.eclipse.m2e.maven.runtime_3.9.900.20240824-1409\jars\plexus-build-api-0.0.7.jar
2025-02-21 22:44:21,992 [Worker-2: Launching mavenrun-974421ee-bc79-4837-8fb6-42723b1bc311] INFO  o.eclipse.m2e.core.internal.Bundles - 	Entry: C:\Users\YOUTECH PC\.p2\pool\plugins\org.eclipse.m2e.maven.runtime_3.9.900.20240824-1409\jars\plexus-build-api-1.2.0.jar
2025-02-21 22:44:21,992 [Worker-2: Launching mavenrun-974421ee-bc79-4837-8fb6-42723b1bc311] INFO  o.eclipse.m2e.core.internal.Bundles - 	Entry: C:\Users\YOUTECH PC\.p2\pool\plugins\org.eclipse.m2e.maven.runtime_3.9.900.20240824-1409\jars\plexus-cipher-2.0.jar
2025-02-21 22:44:21,993 [Worker-2: Launching mavenrun-974421ee-bc79-4837-8fb6-42723b1bc311] INFO  o.eclipse.m2e.core.internal.Bundles - 	Entry: C:\Users\YOUTECH PC\.p2\pool\plugins\org.eclipse.m2e.maven.runtime_3.9.900.20240824-1409\jars\plexus-classworlds-2.8.0.jar
2025-02-21 22:44:21,993 [Worker-2: Launching mavenrun-974421ee-bc79-4837-8fb6-42723b1bc311] INFO  o.eclipse.m2e.core.internal.Bundles - 	Entry: C:\Users\YOUTECH PC\.p2\pool\plugins\org.eclipse.m2e.maven.runtime_3.9.900.20240824-1409\jars\plexus-component-annotations-2.1.0.jar
2025-02-21 22:44:21,994 [Worker-2: Launching mavenrun-974421ee-bc79-4837-8fb6-42723b1bc311] INFO  o.eclipse.m2e.core.internal.Bundles - 	Entry: C:\Users\YOUTECH PC\.p2\pool\plugins\org.eclipse.m2e.maven.runtime_3.9.900.20240824-1409\jars\plexus-interpolation-1.27.jar
2025-02-21 22:44:21,994 [Worker-2: Launching mavenrun-974421ee-bc79-4837-8fb6-42723b1bc311] INFO  o.eclipse.m2e.core.internal.Bundles - 	Entry: C:\Users\YOUTECH PC\.p2\pool\plugins\org.eclipse.m2e.maven.runtime_3.9.900.20240824-1409\jars\plexus-sec-dispatcher-2.0.jar
2025-02-21 22:44:21,995 [Worker-2: Launching mavenrun-974421ee-bc79-4837-8fb6-42723b1bc311] INFO  o.eclipse.m2e.core.internal.Bundles - 	Entry: C:\Users\YOUTECH PC\.p2\pool\plugins\org.eclipse.m2e.maven.runtime_3.9.900.20240824-1409\jars\plexus-utils-3.5.1.jar
2025-02-21 22:44:21,995 [Worker-2: Launching mavenrun-974421ee-bc79-4837-8fb6-42723b1bc311] INFO  o.eclipse.m2e.core.internal.Bundles - 	Entry: C:\Users\YOUTECH PC\.p2\pool\plugins\org.eclipse.m2e.maven.runtime_3.9.900.20240824-1409\jars\plexus-xml-3.0.1.jar
2025-02-21 22:44:21,995 [Worker-2: Launching mavenrun-974421ee-bc79-4837-8fb6-42723b1bc311] INFO  o.eclipse.m2e.core.internal.Bundles - 	Entry: C:\Users\YOUTECH PC\.p2\pool\plugins\org.eclipse.m2e.maven.runtime_3.9.900.20240824-1409\jars\wagon-file-3.5.3.jar
2025-02-21 22:44:21,996 [Worker-2: Launching mavenrun-974421ee-bc79-4837-8fb6-42723b1bc311] INFO  o.eclipse.m2e.core.internal.Bundles - 	Entry: C:\Users\YOUTECH PC\.p2\pool\plugins\org.eclipse.m2e.maven.runtime_3.9.900.20240824-1409\jars\wagon-http-3.5.3.jar
2025-02-21 22:44:21,996 [Worker-2: Launching mavenrun-974421ee-bc79-4837-8fb6-42723b1bc311] INFO  o.eclipse.m2e.core.internal.Bundles - 	Entry: C:\Users\YOUTECH PC\.p2\pool\plugins\org.eclipse.m2e.maven.runtime_3.9.900.20240824-1409\jars\wagon-http-shared-3.5.3.jar
2025-02-21 22:44:21,997 [Worker-2: Launching mavenrun-974421ee-bc79-4837-8fb6-42723b1bc311] INFO  o.eclipse.m2e.core.internal.Bundles - 	Entry: C:\Users\YOUTECH PC\.p2\pool\plugins\org.eclipse.m2e.maven.runtime_3.9.900.20240824-1409\jars\wagon-provider-api-3.5.3.jar
2025-02-21 22:44:21,999 [Worker-2: Launching mavenrun-974421ee-bc79-4837-8fb6-42723b1bc311] INFO  o.eclipse.m2e.core.internal.Bundles - getClasspathEntries(Bundle=com.google.guava_33.3.1.jre [16])
2025-02-21 22:44:22,000 [Worker-2: Launching mavenrun-974421ee-bc79-4837-8fb6-42723b1bc311] INFO  o.eclipse.m2e.core.internal.Bundles - 	Entry: C:\Users\YOUTECH PC\.p2\pool\plugins\com.google.guava_33.3.1.jre.jar
2025-02-21 22:44:22,000 [Worker-2: Launching mavenrun-974421ee-bc79-4837-8fb6-42723b1bc311] INFO  o.eclipse.m2e.core.internal.Bundles - getClasspathEntries(Bundle=slf4j.api_2.0.16 [1007])
2025-02-21 22:44:22,000 [Worker-2: Launching mavenrun-974421ee-bc79-4837-8fb6-42723b1bc311] INFO  o.eclipse.m2e.core.internal.Bundles - 	Entry: C:\Users\YOUTECH PC\.p2\pool\plugins\slf4j.api_2.0.16.jar
2025-02-21 22:44:22,000 [Worker-2: Launching mavenrun-974421ee-bc79-4837-8fb6-42723b1bc311] INFO  o.eclipse.m2e.core.internal.Bundles - getClasspathEntries(Bundle=jakarta.inject.jakarta.inject-api_1.0.5 [34])
2025-02-21 22:44:22,001 [Worker-2: Launching mavenrun-974421ee-bc79-4837-8fb6-42723b1bc311] INFO  o.eclipse.m2e.core.internal.Bundles - 	Entry: C:\Users\YOUTECH PC\.p2\pool\plugins\jakarta.inject.jakarta.inject-api_1.0.5.jar
2025-02-21 22:44:22,001 [Worker-2: Launching mavenrun-974421ee-bc79-4837-8fb6-42723b1bc311] INFO  o.eclipse.m2e.core.internal.Bundles - getClasspathEntries(Bundle=jakarta.annotation-api_1.3.5 [29])
2025-02-21 22:44:22,002 [Worker-2: Launching mavenrun-974421ee-bc79-4837-8fb6-42723b1bc311] INFO  o.eclipse.m2e.core.internal.Bundles - 	Entry: C:\Users\YOUTECH PC\.p2\pool\plugins\jakarta.annotation-api_1.3.5.jar
2025-02-21 22:44:22,002 [Worker-2: Launching mavenrun-974421ee-bc79-4837-8fb6-42723b1bc311] INFO  o.eclipse.m2e.core.internal.Bundles - getClasspathEntries(Bundle=org.apache.commons.cli_1.9.0 [75])
2025-02-21 22:44:22,003 [Worker-2: Launching mavenrun-974421ee-bc79-4837-8fb6-42723b1bc311] INFO  o.eclipse.m2e.core.internal.Bundles - 	Entry: C:\Users\YOUTECH PC\.p2\pool\plugins\org.apache.commons.cli_1.9.0.jar
2025-02-21 22:44:22,003 [Worker-2: Launching mavenrun-974421ee-bc79-4837-8fb6-42723b1bc311] INFO  o.eclipse.m2e.core.internal.Bundles - getClasspathEntries(Bundle=org.apache.commons.commons-codec_1.16.0 [78])
2025-02-21 22:44:22,004 [Worker-2: Launching mavenrun-974421ee-bc79-4837-8fb6-42723b1bc311] INFO  o.eclipse.m2e.core.internal.Bundles - 	Entry: C:\Users\YOUTECH PC\.p2\pool\plugins\org.apache.commons.commons-codec_1.16.0.jar
2025-02-21 22:44:22,004 [Worker-2: Launching mavenrun-974421ee-bc79-4837-8fb6-42723b1bc311] INFO  o.eclipse.m2e.core.internal.Bundles - getClasspathEntries(Bundle=com.google.guava.failureaccess_1.0.2 [17])
2025-02-21 22:44:22,004 [Worker-2: Launching mavenrun-974421ee-bc79-4837-8fb6-42723b1bc311] INFO  o.eclipse.m2e.core.internal.Bundles - 	Entry: C:\Users\YOUTECH PC\.p2\pool\plugins\com.google.guava.failureaccess_1.0.2.jar
2025-02-21 22:44:22,010 [Worker-2: Launching mavenrun-974421ee-bc79-4837-8fb6-42723b1bc311] INFO  o.e.m.i.launch.MavenLaunchDelegate - Run build in "C:\Users\YOUTEC~1\AppData\Local\Temp\m2e-archetypeGenerator3544929958092531772":
2025-02-21 22:44:22,015 [Worker-2: Launching mavenrun-974421ee-bc79-4837-8fb6-42723b1bc311] INFO  o.e.m.i.launch.MavenLaunchDelegate -  mvn  -DarchetypeGroupId=org.apache.maven.archetypes -DarchetypeArtifactId=maven-archetype-webapp -DarchetypeVersion=1.0 -DgroupId=conn -DartifactId=dd -Dversion=0.0.1-SNAPSHOT -Dpackage=conn.dd -DoutputDirectory="C:\Users\YOUTECH PC\eclipse-workspace" -Dstyle.color=always -U archetype:generate
2025-02-21 22:44:48,426 [Worker-0: Creating maven-archetype-webapp] INFO  o.e.m.c.i.p.ProjectConfigurationManager - Collecting project info '/pom.xml' C:\Users\YOUTECH PC\eclipse-workspace\dd\pom.xml
2025-02-21 22:44:49,137 [Worker-0: Creating maven-archetype-webapp] INFO  o.e.m.c.i.l.LifecycleMappingFactory - Using org.maven.ide.eclipse.wtp.WarLifecycleMapping lifecycle mapping for MavenProject: conn:dd:0.0.1-SNAPSHOT @ C:\Users\YOUTECH PC\eclipse-workspace\dd\pom.xml.
2025-02-21 22:44:50,669 [Worker-0: Creating maven-archetype-webapp] INFO  o.e.m.j.i.AbstractJavaProjectConfigurator - Adding source folder /dd/src/main/java
2025-02-21 22:44:50,671 [Worker-0: Creating maven-archetype-webapp] INFO  o.e.m.j.i.AbstractJavaProjectConfigurator - Adding resource folder /dd/src/main/resources
2025-02-21 22:44:50,672 [Worker-0: Creating maven-archetype-webapp] INFO  o.e.m.j.i.AbstractJavaProjectConfigurator - Adding source folder /dd/src/test/java
2025-02-21 22:44:50,674 [Worker-0: Creating maven-archetype-webapp] INFO  o.e.m.j.i.AbstractJavaProjectConfigurator - Adding resource folder /dd/src/test/resources
2025-02-21 22:44:52,317 [Worker-0: Creating maven-archetype-webapp] ERROR o.e.m.w.jsf.internal.utils.JSFUtils - An error occurred trying to find javax.faces.webapp.FacesServlet :
java.net.UnknownHostException: java.sun.com
	at java.base/sun.nio.ch.NioSocketImpl.connect(NioSocketImpl.java:567)
	at java.base/java.net.Socket.connect(Socket.java:760)
	at java.base/java.net.Socket.connect(Socket.java:695)
	at java.base/sun.net.NetworkClient.doConnect(NetworkClient.java:183)
	at java.base/sun.net.www.http.HttpClient.openServer(HttpClient.java:531)
	at java.base/sun.net.www.http.HttpClient.openServer(HttpClient.java:636)
	at java.base/sun.net.www.http.HttpClient.<init>(HttpClient.java:280)
	at java.base/sun.net.www.http.HttpClient.New(HttpClient.java:386)
	at java.base/sun.net.www.http.HttpClient.New(HttpClient.java:408)
	at java.base/sun.net.www.protocol.http.HttpURLConnection.getNewHttpClient(HttpURLConnection.java:1310)
	at java.base/sun.net.www.protocol.http.HttpURLConnection.plainConnect0(HttpURLConnection.java:1243)
	at java.base/sun.net.www.protocol.http.HttpURLConnection.plainConnect(HttpURLConnection.java:1129)
	at java.base/sun.net.www.protocol.http.HttpURLConnection.connect(HttpURLConnection.java:1058)
	at java.base/sun.net.www.protocol.http.HttpURLConnection.getInputStream0(HttpURLConnection.java:1691)
	at java.base/sun.net.www.protocol.http.HttpURLConnection.getInputStream(HttpURLConnection.java:1615)
	at java.xml/com.sun.org.apache.xerces.internal.impl.XMLEntityManager.setupCurrentEntity(XMLEntityManager.java:691)
	at java.xml/com.sun.org.apache.xerces.internal.impl.XMLEntityManager.startEntity(XMLEntityManager.java:1452)
	at java.xml/com.sun.org.apache.xerces.internal.impl.XMLEntityManager.startDTDEntity(XMLEntityManager.java:1418)
	at java.xml/com.sun.org.apache.xerces.internal.impl.XMLDTDScannerImpl.setInputSource(XMLDTDScannerImpl.java:257)
	at java.xml/com.sun.org.apache.xerces.internal.impl.XMLDocumentScannerImpl$DTDDriver.dispatch(XMLDocumentScannerImpl.java:1182)
	at java.xml/com.sun.org.apache.xerces.internal.impl.XMLDocumentScannerImpl$DTDDriver.next(XMLDocumentScannerImpl.java:1070)
	at java.xml/com.sun.org.apache.xerces.internal.impl.XMLDocumentScannerImpl$PrologDriver.next(XMLDocumentScannerImpl.java:973)
	at java.xml/com.sun.org.apache.xerces.internal.impl.XMLDocumentScannerImpl.next(XMLDocumentScannerImpl.java:635)
	at java.xml/com.sun.org.apache.xerces.internal.impl.XMLDocumentFragmentScannerImpl.scanDocument(XMLDocumentFragmentScannerImpl.java:551)
	at java.xml/com.sun.org.apache.xerces.internal.parsers.XML11Configuration.parse(XML11Configuration.java:890)
	at java.xml/com.sun.org.apache.xerces.internal.parsers.XML11Configuration.parse(XML11Configuration.java:826)
	at java.xml/com.sun.org.apache.xerces.internal.parsers.XMLParser.parse(XMLParser.java:134)
	at java.xml/com.sun.org.apache.xerces.internal.parsers.DOMParser.parse(DOMParser.java:247)
	at java.xml/com.sun.org.apache.xerces.internal.jaxp.DocumentBuilderImpl.parse(DocumentBuilderImpl.java:342)
	at java.xml/javax.xml.parsers.DocumentBuilder.parse(DocumentBuilder.java:122)
	at org.eclipse.m2e.wtp.jsf.internal.utils.JSFUtils.hasFacesServlet(JSFUtils.java:141)
	at org.eclipse.m2e.wtp.jsf.internal.utils.JSFUtils.hasFacesServlet(JSFUtils.java:117)
	at org.eclipse.m2e.wtp.jsf.internal.configurators.WebXmlJSFFacetDetector.hasFacesServletInWebXml(WebXmlJSFFacetDetector.java:82)
	at org.eclipse.m2e.wtp.jsf.internal.configurators.WebXmlJSFFacetDetector.findFacetVersion(WebXmlJSFFacetDetector.java:57)
	at org.eclipse.m2e.wtp.facets.FacetDetectorManager.findFacetVersion(FacetDetectorManager.java:93)
	at org.eclipse.m2e.wtp.facets.FacetDetectorManager.findFacetVersion(FacetDetectorManager.java:63)
	at org.eclipse.m2e.wtp.jsf.internal.configurators.JSFProjectConfigurator.configureInternal(JSFProjectConfigurator.java:95)
	at org.eclipse.m2e.wtp.jsf.internal.configurators.JSFProjectConfigurator.configure(JSFProjectConfigurator.java:70)
	at org.eclipse.m2e.core.project.configurator.AbstractLifecycleMapping.configure(AbstractLifecycleMapping.java:127)
	at org.eclipse.m2e.core.internal.project.ProjectConfigurationManager.lambda$6(ProjectConfigurationManager.java:506)
	at org.eclipse.m2e.core.internal.embedder.MavenExecutionContext.executeBare(MavenExecutionContext.java:458)
	at org.eclipse.m2e.core.internal.embedder.MavenExecutionContext.execute(MavenExecutionContext.java:339)
	at org.eclipse.m2e.core.internal.project.ProjectConfigurationManager.updateProjectConfiguration(ProjectConfigurationManager.java:500)
	at org.eclipse.m2e.core.internal.project.ProjectConfigurationManager.configureNewMavenProjects(ProjectConfigurationManager.java:279)
	at org.eclipse.m2e.core.internal.project.ProjectConfigurationManager.lambda$1(ProjectConfigurationManager.java:166)
	at org.eclipse.m2e.core.internal.embedder.MavenExecutionContext.executeBare(MavenExecutionContext.java:458)
	at org.eclipse.m2e.core.internal.embedder.MavenExecutionContext.execute(MavenExecutionContext.java:339)
	at org.eclipse.m2e.core.internal.embedder.MavenExecutionContext.execute(MavenExecutionContext.java:278)
	at org.eclipse.m2e.core.internal.project.ProjectConfigurationManager.importProjects(ProjectConfigurationManager.java:139)
	at org.eclipse.m2e.core.ui.internal.wizards.MavenProjectWizard$3.doCreateMavenProjects(MavenProjectWizard.java:251)
	at org.eclipse.m2e.core.ui.internal.wizards.AbstractCreateMavenProjectJob$1.doCreateMavenProjects(AbstractCreateMavenProjectJob.java:51)
	at org.eclipse.m2e.core.ui.internal.wizards.AbstractCreateMavenProjectsOperation.run(AbstractCreateMavenProjectsOperation.java:56)
	at org.eclipse.m2e.core.ui.internal.wizards.AbstractCreateMavenProjectJob.runInWorkspace(AbstractCreateMavenProjectJob.java:55)
	at org.eclipse.core.internal.resources.InternalWorkspaceJob.run(InternalWorkspaceJob.java:43)
	at org.eclipse.core.internal.jobs.Worker.run(Worker.java:63)
2025-02-21 22:44:52,479 [Worker-0: Creating maven-archetype-webapp] INFO  o.e.m.c.i.p.ProjectConfigurationManager - Imported and configured 1 project(s) in 4 sec
2025-02-21 22:44:54,192 [Worker-16: Building] WARN  o.a.m.s.f.DefaultMavenResourcesFiltering - Using platform encoding (UTF-8 actually) to copy filtered resources, i.e. build is platform dependent!
2025-02-21 22:44:54,210 [Worker-16: Building] INFO  o.a.m.s.f.DefaultMavenResourcesFiltering - Copying 0 resource from src\main\resources to target\classes
2025-02-21 22:44:54,216 [Worker-16: Building] WARN  o.a.m.s.f.DefaultMavenResourcesFiltering - Using platform encoding (UTF-8 actually) to copy filtered resources, i.e. build is platform dependent!
2025-02-21 22:44:54,219 [Worker-16: Building] INFO  o.a.m.s.f.DefaultMavenResourcesFiltering - skip non existing resourceDirectory C:\Users\YOUTECH PC\eclipse-workspace\dd\src\test\resources
2025-02-22 14:01:26,261 [Worker-3: Loading available Gradle versions] INFO  o.e.b.c.i.u.g.PublishedGradleVersions - Gradle version information cache is up-to-date. Trying to read.
2025-02-22 14:03:30,245 [Worker-14: Building] WARN  o.a.m.s.f.DefaultMavenResourcesFiltering - Using platform encoding (UTF-8 actually) to copy filtered resources, i.e. build is platform dependent!
2025-02-22 14:03:30,249 [Worker-14: Building] INFO  o.a.m.s.f.DefaultMavenResourcesFiltering - skip non existing resourceDirectory C:\Users\YOUTECH PC\eclipse-workspace\dd\src\main\resources
2025-02-22 14:03:30,257 [Worker-14: Building] WARN  o.a.m.s.f.DefaultMavenResourcesFiltering - Using platform encoding (UTF-8 actually) to copy filtered resources, i.e. build is platform dependent!
2025-02-22 14:03:30,258 [Worker-14: Building] INFO  o.a.m.s.f.DefaultMavenResourcesFiltering - skip non existing resourceDirectory C:\Users\YOUTECH PC\eclipse-workspace\dd\src\test\resources
2025-02-22 14:05:49,750 [Worker-9: Building] WARN  o.a.m.s.f.DefaultMavenResourcesFiltering - Using platform encoding (UTF-8 actually) to copy filtered resources, i.e. build is platform dependent!
2025-02-22 14:05:49,751 [Worker-9: Building] INFO  o.a.m.s.f.DefaultMavenResourcesFiltering - skip non existing resourceDirectory C:\Users\YOUTECH PC\eclipse-workspace\dd\src\main\resources
2025-02-22 14:05:49,756 [Worker-9: Building] WARN  o.a.m.s.f.DefaultMavenResourcesFiltering - Using platform encoding (UTF-8 actually) to copy filtered resources, i.e. build is platform dependent!
2025-02-22 14:05:49,757 [Worker-9: Building] INFO  o.a.m.s.f.DefaultMavenResourcesFiltering - skip non existing resourceDirectory C:\Users\YOUTECH PC\eclipse-workspace\dd\src\test\resources
2025-02-22 14:06:53,866 [Worker-17: Building] INFO  o.e.m.c.i.l.LifecycleMappingFactory - Using org.maven.ide.eclipse.wtp.WarLifecycleMapping lifecycle mapping for MavenProject: com:DoctorRv:0.0.1-SNAPSHOT @ C:\Users\YOUTECH PC\eclipse-workspace\dd\pom.xml.
2025-02-22 14:06:54,409 [Worker-17: Building] INFO  o.e.m.c.i.e.AbstractTransferListenerAdapter - Downloading https://repo.maven.apache.org/maven2/jakarta/servlet/jsp/jstl/jakarta.servlet.jsp.jstl-api/2.0.0/jakarta.servlet.jsp.jstl-api-2.0.0.pom
2025-02-22 14:06:54,441 [Worker-17: Building] INFO  o.e.m.c.i.e.AbstractTransferListenerAdapter - Downloaded https://repo.maven.apache.org/maven2/jakarta/servlet/jsp/jstl/jakarta.servlet.jsp.jstl-api/2.0.0/jakarta.servlet.jsp.jstl-api-2.0.0.pom
2025-02-22 14:06:54,527 [Worker-17: Building] INFO  o.e.m.c.i.e.AbstractTransferListenerAdapter - Downloading https://repo.maven.apache.org/maven2/jakarta/el/jakarta.el-api/4.0.0/jakarta.el-api-4.0.0.pom
2025-02-22 14:06:54,553 [Worker-17: Building] INFO  o.e.m.c.i.e.AbstractTransferListenerAdapter - Downloaded https://repo.maven.apache.org/maven2/jakarta/el/jakarta.el-api/4.0.0/jakarta.el-api-4.0.0.pom
2025-02-22 14:06:54,633 [Worker-17: Building] INFO  o.e.m.c.i.e.AbstractTransferListenerAdapter - Downloading https://repo.maven.apache.org/maven2/jakarta/xml/bind/jakarta.xml.bind-api/3.0.0/jakarta.xml.bind-api-3.0.0.pom
2025-02-22 14:06:54,670 [Worker-17: Building] INFO  o.e.m.c.i.e.AbstractTransferListenerAdapter - Downloaded https://repo.maven.apache.org/maven2/jakarta/xml/bind/jakarta.xml.bind-api/3.0.0/jakarta.xml.bind-api-3.0.0.pom
2025-02-22 14:06:54,751 [Worker-17: Building] INFO  o.e.m.c.i.e.AbstractTransferListenerAdapter - Downloading https://repo.maven.apache.org/maven2/jakarta/xml/bind/jakarta.xml.bind-api-parent/3.0.0/jakarta.xml.bind-api-parent-3.0.0.pom
2025-02-22 14:06:54,771 [Worker-17: Building] INFO  o.e.m.c.i.e.AbstractTransferListenerAdapter - Downloaded https://repo.maven.apache.org/maven2/jakarta/xml/bind/jakarta.xml.bind-api-parent/3.0.0/jakarta.xml.bind-api-parent-3.0.0.pom
2025-02-22 14:06:54,936 [Worker-17: Building] INFO  o.e.m.c.i.e.AbstractTransferListenerAdapter - Downloading https://repo.maven.apache.org/maven2/com/sun/activation/jakarta.activation/2.0.0/jakarta.activation-2.0.0.pom
2025-02-22 14:06:54,955 [Worker-17: Building] INFO  o.e.m.c.i.e.AbstractTransferListenerAdapter - Downloaded https://repo.maven.apache.org/maven2/com/sun/activation/jakarta.activation/2.0.0/jakarta.activation-2.0.0.pom
2025-02-22 14:06:55,381 [Worker-17: Building] INFO  o.e.m.c.i.e.AbstractTransferListenerAdapter - Downloading https://repo.maven.apache.org/maven2/com/sun/activation/all/2.0.0/all-2.0.0.pom
2025-02-22 14:06:55,759 [Worker-17: Building] INFO  o.e.m.c.i.e.AbstractTransferListenerAdapter - Downloaded https://repo.maven.apache.org/maven2/com/sun/activation/all/2.0.0/all-2.0.0.pom
2025-02-22 14:06:55,891 [Worker-17: Building] INFO  o.e.m.c.i.e.AbstractTransferListenerAdapter - Downloading https://repo.maven.apache.org/maven2/org/glassfish/web/jakarta.servlet.jsp.jstl/2.0.0/jakarta.servlet.jsp.jstl-2.0.0.pom
2025-02-22 14:06:55,971 [Worker-17: Building] INFO  o.e.m.c.i.e.AbstractTransferListenerAdapter - Downloaded https://repo.maven.apache.org/maven2/org/glassfish/web/jakarta.servlet.jsp.jstl/2.0.0/jakarta.servlet.jsp.jstl-2.0.0.pom
2025-02-22 14:06:56,141 [Worker-17: Building] INFO  o.e.m.c.i.e.AbstractTransferListenerAdapter - Downloading https://repo.maven.apache.org/maven2/jakarta/servlet/jsp/jstl/jakarta.servlet.jsp.jstl-api/2.0.0/jakarta.servlet.jsp.jstl-api-2.0.0.jar
2025-02-22 14:06:56,421 [Worker-17: Building] INFO  o.e.m.c.i.e.AbstractTransferListenerAdapter - Downloaded https://repo.maven.apache.org/maven2/jakarta/servlet/jsp/jstl/jakarta.servlet.jsp.jstl-api/2.0.0/jakarta.servlet.jsp.jstl-api-2.0.0.jar
2025-02-22 14:06:56,547 [BasicRepositoryConnector-repo.maven.apache.org-0-1] INFO  o.e.m.c.i.e.AbstractTransferListenerAdapter - Downloading https://repo.maven.apache.org/maven2/jakarta/xml/bind/jakarta.xml.bind-api/3.0.0/jakarta.xml.bind-api-3.0.0.jar
2025-02-22 14:06:56,846 [BasicRepositoryConnector-repo.maven.apache.org-0-3] INFO  o.e.m.c.i.e.AbstractTransferListenerAdapter - Downloading https://repo.maven.apache.org/maven2/org/glassfish/web/jakarta.servlet.jsp.jstl/2.0.0/jakarta.servlet.jsp.jstl-2.0.0.jar
2025-02-22 14:06:56,881 [BasicRepositoryConnector-repo.maven.apache.org-0-0] INFO  o.e.m.c.i.e.AbstractTransferListenerAdapter - Downloading https://repo.maven.apache.org/maven2/jakarta/el/jakarta.el-api/4.0.0/jakarta.el-api-4.0.0.jar
2025-02-22 14:06:57,315 [BasicRepositoryConnector-repo.maven.apache.org-0-2] INFO  o.e.m.c.i.e.AbstractTransferListenerAdapter - Downloading https://repo.maven.apache.org/maven2/com/sun/activation/jakarta.activation/2.0.0/jakarta.activation-2.0.0.jar
2025-02-22 14:06:57,830 [BasicRepositoryConnector-repo.maven.apache.org-0-0] INFO  o.e.m.c.i.e.AbstractTransferListenerAdapter - Downloaded https://repo.maven.apache.org/maven2/jakarta/el/jakarta.el-api/4.0.0/jakarta.el-api-4.0.0.jar
2025-02-22 14:06:58,137 [BasicRepositoryConnector-repo.maven.apache.org-0-2] INFO  o.e.m.c.i.e.AbstractTransferListenerAdapter - Downloaded https://repo.maven.apache.org/maven2/com/sun/activation/jakarta.activation/2.0.0/jakarta.activation-2.0.0.jar
2025-02-22 14:06:58,210 [BasicRepositoryConnector-repo.maven.apache.org-0-1] INFO  o.e.m.c.i.e.AbstractTransferListenerAdapter - Downloaded https://repo.maven.apache.org/maven2/jakarta/xml/bind/jakarta.xml.bind-api/3.0.0/jakarta.xml.bind-api-3.0.0.jar
2025-02-22 14:07:08,673 [BasicRepositoryConnector-repo.maven.apache.org-0-3] INFO  o.e.m.c.i.e.AbstractTransferListenerAdapter - Downloaded https://repo.maven.apache.org/maven2/org/glassfish/web/jakarta.servlet.jsp.jstl/2.0.0/jakarta.servlet.jsp.jstl-2.0.0.jar
2025-02-22 14:07:09,681 [Worker-17: Building] WARN  o.a.m.s.f.DefaultMavenResourcesFiltering - Using platform encoding (UTF-8 actually) to copy filtered resources, i.e. build is platform dependent!
2025-02-22 14:07:09,682 [Worker-17: Building] INFO  o.a.m.s.f.DefaultMavenResourcesFiltering - skip non existing resourceDirectory C:\Users\YOUTECH PC\eclipse-workspace\dd\src\main\resources
2025-02-22 14:07:09,690 [Worker-17: Building] WARN  o.a.m.s.f.DefaultMavenResourcesFiltering - Using platform encoding (UTF-8 actually) to copy filtered resources, i.e. build is platform dependent!
2025-02-22 14:07:09,692 [Worker-17: Building] INFO  o.a.m.s.f.DefaultMavenResourcesFiltering - skip non existing resourceDirectory C:\Users\YOUTECH PC\eclipse-workspace\dd\src\test\resources
2025-02-22 14:07:09,693 [Worker-17: Building] INFO  o.e.m.w.i.f.ResourceFilteringBuildParticipant - Changed resources require a complete clean of filtered resources of dd
2025-02-22 14:07:09,694 [Worker-17: Building] INFO  o.e.m.w.i.f.ResourceFilteringBuildParticipant - Executing resource filtering for dd
2025-02-22 14:07:10,833 [Worker-13: Download sources and javadoc] INFO  o.e.m.c.i.e.AbstractTransferListenerAdapter - Downloading https://repo.maven.apache.org/maven2/jakarta/servlet/jsp/jstl/jakarta.servlet.jsp.jstl-api/2.0.0/jakarta.servlet.jsp.jstl-api-2.0.0-sources.jar
2025-02-22 14:07:11,042 [Worker-13: Download sources and javadoc] INFO  o.e.m.c.i.e.AbstractTransferListenerAdapter - Downloaded https://repo.maven.apache.org/maven2/jakarta/servlet/jsp/jstl/jakarta.servlet.jsp.jstl-api/2.0.0/jakarta.servlet.jsp.jstl-api-2.0.0-sources.jar
2025-02-22 14:07:11,050 [Worker-13: Download sources and javadoc] INFO  o.e.m.j.internal.DownloadSourcesJob - Downloaded sources for jakarta.servlet.jsp.jstl:jakarta.servlet.jsp.jstl-api:2.0.0
2025-02-22 14:07:11,293 [Worker-13: Download sources and javadoc] INFO  o.e.m.c.i.e.AbstractTransferListenerAdapter - Downloading https://repo.maven.apache.org/maven2/jakarta/el/jakarta.el-api/4.0.0/jakarta.el-api-4.0.0-sources.jar
2025-02-22 14:07:11,697 [Worker-13: Download sources and javadoc] INFO  o.e.m.c.i.e.AbstractTransferListenerAdapter - Downloaded https://repo.maven.apache.org/maven2/jakarta/el/jakarta.el-api/4.0.0/jakarta.el-api-4.0.0-sources.jar
2025-02-22 14:07:11,704 [Worker-13: Download sources and javadoc] INFO  o.e.m.j.internal.DownloadSourcesJob - Downloaded sources for jakarta.el:jakarta.el-api:4.0.0
2025-02-22 14:07:11,921 [Worker-13: Download sources and javadoc] INFO  o.e.m.c.i.e.AbstractTransferListenerAdapter - Downloading https://repo.maven.apache.org/maven2/jakarta/xml/bind/jakarta.xml.bind-api/3.0.0/jakarta.xml.bind-api-3.0.0-sources.jar
2025-02-22 14:07:12,360 [Worker-13: Download sources and javadoc] INFO  o.e.m.c.i.e.AbstractTransferListenerAdapter - Downloaded https://repo.maven.apache.org/maven2/jakarta/xml/bind/jakarta.xml.bind-api/3.0.0/jakarta.xml.bind-api-3.0.0-sources.jar
2025-02-22 14:07:12,366 [Worker-13: Download sources and javadoc] INFO  o.e.m.j.internal.DownloadSourcesJob - Downloaded sources for jakarta.xml.bind:jakarta.xml.bind-api:3.0.0
2025-02-22 14:07:12,589 [Worker-13: Download sources and javadoc] INFO  o.e.m.c.i.e.AbstractTransferListenerAdapter - Downloading https://repo.maven.apache.org/maven2/com/sun/activation/jakarta.activation/2.0.0/jakarta.activation-2.0.0-sources.jar
2025-02-22 14:07:12,705 [Worker-13: Download sources and javadoc] INFO  o.e.m.c.i.e.AbstractTransferListenerAdapter - Downloaded https://repo.maven.apache.org/maven2/com/sun/activation/jakarta.activation/2.0.0/jakarta.activation-2.0.0-sources.jar
2025-02-22 14:07:12,711 [Worker-13: Download sources and javadoc] INFO  o.e.m.j.internal.DownloadSourcesJob - Downloaded sources for com.sun.activation:jakarta.activation:2.0.0
2025-02-22 14:07:12,924 [Worker-13: Download sources and javadoc] INFO  o.e.m.c.i.e.AbstractTransferListenerAdapter - Downloading https://repo.maven.apache.org/maven2/org/glassfish/web/jakarta.servlet.jsp.jstl/2.0.0/jakarta.servlet.jsp.jstl-2.0.0-sources.jar
2025-02-22 14:07:13,852 [Worker-13: Download sources and javadoc] INFO  o.e.m.c.i.e.AbstractTransferListenerAdapter - Downloaded https://repo.maven.apache.org/maven2/org/glassfish/web/jakarta.servlet.jsp.jstl/2.0.0/jakarta.servlet.jsp.jstl-2.0.0-sources.jar
2025-02-22 14:07:13,856 [Worker-13: Download sources and javadoc] INFO  o.e.m.j.internal.DownloadSourcesJob - Downloaded sources for org.glassfish.web:jakarta.servlet.jsp.jstl:2.0.0
2025-02-22 14:08:18,708 [Worker-14: Building] WARN  o.a.m.s.f.DefaultMavenResourcesFiltering - Using platform encoding (UTF-8 actually) to copy filtered resources, i.e. build is platform dependent!
2025-02-22 14:08:18,720 [Worker-14: Building] INFO  o.a.m.s.f.DefaultMavenResourcesFiltering - Copying 0 resource from src\main\resources to target\classes
2025-02-22 14:08:18,725 [Worker-14: Building] WARN  o.a.m.s.f.DefaultMavenResourcesFiltering - Using platform encoding (UTF-8 actually) to copy filtered resources, i.e. build is platform dependent!
2025-02-22 14:08:18,728 [Worker-14: Building] INFO  o.a.m.s.f.DefaultMavenResourcesFiltering - Copying 0 resource from src\test\resources to target\test-classes
2025-02-22 14:10:58,997 [Worker-19: Building] WARN  o.a.m.s.f.DefaultMavenResourcesFiltering - Using platform encoding (UTF-8 actually) to copy filtered resources, i.e. build is platform dependent!
2025-02-22 14:10:59,000 [Worker-19: Building] INFO  o.a.m.s.f.DefaultMavenResourcesFiltering - Copying 0 resource from src\main\resources to target\classes
2025-02-22 14:10:59,006 [Worker-19: Building] WARN  o.a.m.s.f.DefaultMavenResourcesFiltering - Using platform encoding (UTF-8 actually) to copy filtered resources, i.e. build is platform dependent!
2025-02-22 14:10:59,009 [Worker-19: Building] INFO  o.a.m.s.f.DefaultMavenResourcesFiltering - Copying 0 resource from src\test\resources to target\test-classes
2025-02-22 14:11:10,127 [Worker-23: Building] WARN  o.a.m.s.f.DefaultMavenResourcesFiltering - Using platform encoding (UTF-8 actually) to copy filtered resources, i.e. build is platform dependent!
2025-02-22 14:11:10,129 [Worker-23: Building] INFO  o.a.m.s.f.DefaultMavenResourcesFiltering - Copying 0 resource from src\main\resources to target\classes
2025-02-22 14:11:10,134 [Worker-23: Building] WARN  o.a.m.s.f.DefaultMavenResourcesFiltering - Using platform encoding (UTF-8 actually) to copy filtered resources, i.e. build is platform dependent!
2025-02-22 14:11:10,135 [Worker-23: Building] INFO  o.a.m.s.f.DefaultMavenResourcesFiltering - skip non existing resourceDirectory C:\Users\YOUTECH PC\eclipse-workspace\dd\src\test\resources
2025-02-22 14:12:04,763 [Worker-23: Building] WARN  o.a.m.s.f.DefaultMavenResourcesFiltering - Using platform encoding (UTF-8 actually) to copy filtered resources, i.e. build is platform dependent!
2025-02-22 14:12:04,765 [Worker-23: Building] INFO  o.a.m.s.f.DefaultMavenResourcesFiltering - Copying 0 resource from src\main\resources to target\classes
2025-02-22 14:12:04,768 [Worker-23: Building] WARN  o.a.m.s.f.DefaultMavenResourcesFiltering - Using platform encoding (UTF-8 actually) to copy filtered resources, i.e. build is platform dependent!
2025-02-22 14:12:04,769 [Worker-23: Building] INFO  o.a.m.s.f.DefaultMavenResourcesFiltering - skip non existing resourceDirectory C:\Users\YOUTECH PC\eclipse-workspace\dd\src\test\resources
2025-02-22 14:12:22,984 [Worker-17: Building] WARN  o.a.m.s.f.DefaultMavenResourcesFiltering - Using platform encoding (UTF-8 actually) to copy filtered resources, i.e. build is platform dependent!
2025-02-22 14:12:22,986 [Worker-17: Building] INFO  o.a.m.s.f.DefaultMavenResourcesFiltering - Copying 0 resource from src\main\resources to target\classes
2025-02-22 14:12:22,990 [Worker-17: Building] WARN  o.a.m.s.f.DefaultMavenResourcesFiltering - Using platform encoding (UTF-8 actually) to copy filtered resources, i.e. build is platform dependent!
2025-02-22 14:12:22,991 [Worker-17: Building] INFO  o.a.m.s.f.DefaultMavenResourcesFiltering - skip non existing resourceDirectory C:\Users\YOUTECH PC\eclipse-workspace\dd\src\test\resources
2025-02-22 14:13:18,464 [Worker-13: Building] WARN  o.a.m.s.f.DefaultMavenResourcesFiltering - Using platform encoding (UTF-8 actually) to copy filtered resources, i.e. build is platform dependent!
2025-02-22 14:13:18,504 [Worker-13: Building] INFO  o.a.m.s.f.DefaultMavenResourcesFiltering - Copying 0 resource from src\main\resources to target\classes
2025-02-22 14:13:18,512 [Worker-13: Building] WARN  o.a.m.s.f.DefaultMavenResourcesFiltering - Using platform encoding (UTF-8 actually) to copy filtered resources, i.e. build is platform dependent!
2025-02-22 14:13:18,513 [Worker-13: Building] INFO  o.a.m.s.f.DefaultMavenResourcesFiltering - skip non existing resourceDirectory C:\Users\YOUTECH PC\eclipse-workspace\dd\src\test\resources
2025-02-22 14:13:39,642 [Worker-1: Loading available Gradle versions] INFO  o.e.b.c.i.u.g.PublishedGradleVersions - Gradle version information cache is up-to-date. Trying to read.
2025-02-22 14:14:33,214 [Worker-1: Building] WARN  o.a.m.s.f.DefaultMavenResourcesFiltering - Using platform encoding (UTF-8 actually) to copy filtered resources, i.e. build is platform dependent!
2025-02-22 14:14:33,224 [Worker-1: Building] INFO  o.a.m.s.f.DefaultMavenResourcesFiltering - Copying 0 resource from src\main\resources to target\classes
2025-02-22 14:14:33,232 [Worker-1: Building] WARN  o.a.m.s.f.DefaultMavenResourcesFiltering - Using platform encoding (UTF-8 actually) to copy filtered resources, i.e. build is platform dependent!
2025-02-22 14:14:33,233 [Worker-1: Building] INFO  o.a.m.s.f.DefaultMavenResourcesFiltering - skip non existing resourceDirectory C:\Users\YOUTECH PC\eclipse-workspace\dd\src\test\resources
2025-02-22 14:14:34,882 [Worker-9: Building] WARN  o.a.m.s.f.DefaultMavenResourcesFiltering - Using platform encoding (UTF-8 actually) to copy filtered resources, i.e. build is platform dependent!
2025-02-22 14:14:34,886 [Worker-9: Building] INFO  o.a.m.s.f.DefaultMavenResourcesFiltering - Copying 0 resource from src\main\resources to target\classes
2025-02-22 14:14:34,894 [Worker-9: Building] WARN  o.a.m.s.f.DefaultMavenResourcesFiltering - Using platform encoding (UTF-8 actually) to copy filtered resources, i.e. build is platform dependent!
2025-02-22 14:14:34,896 [Worker-9: Building] INFO  o.a.m.s.f.DefaultMavenResourcesFiltering - skip non existing resourceDirectory C:\Users\YOUTECH PC\eclipse-workspace\dd\src\test\resources
2025-02-22 14:16:31,277 [Worker-7: Building] WARN  o.a.m.s.f.DefaultMavenResourcesFiltering - Using platform encoding (UTF-8 actually) to copy filtered resources, i.e. build is platform dependent!
2025-02-22 14:16:31,280 [Worker-7: Building] INFO  o.a.m.s.f.DefaultMavenResourcesFiltering - Copying 0 resource from src\main\resources to target\classes
2025-02-22 14:16:31,287 [Worker-7: Building] WARN  o.a.m.s.f.DefaultMavenResourcesFiltering - Using platform encoding (UTF-8 actually) to copy filtered resources, i.e. build is platform dependent!
2025-02-22 14:16:31,288 [Worker-7: Building] INFO  o.a.m.s.f.DefaultMavenResourcesFiltering - skip non existing resourceDirectory C:\Users\YOUTECH PC\eclipse-workspace\dd\src\test\resources
2025-02-23 14:55:09,015 [Worker-0: Loading available Gradle versions] INFO  o.e.b.c.i.u.g.PublishedGradleVersions - Gradle version information cache is out-of-date. Trying to update.
2025-02-23 14:55:15,355 [Worker-3: Building] INFO  o.e.m.c.i.l.LifecycleMappingFactory - Using org.maven.ide.eclipse.wtp.WarLifecycleMapping lifecycle mapping for MavenProject: com:DoctorRv:0.0.1-SNAPSHOT @ C:\Users\YOUTECH PC\eclipse-workspace\dd\pom.xml.
2025-02-23 14:55:17,370 [Worker-3: Building] WARN  o.a.m.s.f.DefaultMavenResourcesFiltering - Using platform encoding (UTF-8 actually) to copy filtered resources, i.e. build is platform dependent!
2025-02-23 14:55:17,377 [Worker-3: Building] INFO  o.a.m.s.f.DefaultMavenResourcesFiltering - Copying 0 resource from src\main\resources to target\classes
2025-02-23 14:55:17,385 [Worker-3: Building] WARN  o.a.m.s.f.DefaultMavenResourcesFiltering - Using platform encoding (UTF-8 actually) to copy filtered resources, i.e. build is platform dependent!
2025-02-23 14:55:17,386 [Worker-3: Building] INFO  o.a.m.s.f.DefaultMavenResourcesFiltering - skip non existing resourceDirectory C:\Users\YOUTECH PC\eclipse-workspace\dd\src\test\resources
2025-02-23 14:55:17,392 [Worker-3: Building] INFO  o.e.m.w.i.f.ResourceFilteringBuildParticipant - Changed resources require a complete clean of filtered resources of dd
2025-02-23 14:55:17,393 [Worker-3: Building] INFO  o.e.m.w.i.f.ResourceFilteringBuildParticipant - Executing resource filtering for dd
